 * Serving Flask app "api" (lazy loading)
 * Environment: production
   WARNING: This is a development server. Do not use it in a production deployment.
   Use a production WSGI server instead.
 * Debug mode: off
/home/baymadin/.local/lib/python3.6/site-packages/grequests.py:21: MonkeyPatchWarning: Patching more than once will result in the union of all True parameters being patched
  curious_george.patch_all(thread=False, select=False)
[nltk_data] Downloading package stopwords to
[nltk_data]     /home/baymadin/nltk_data...
[nltk_data]   Package stopwords is already up-to-date!
/home/baymadin/web-crawler/api/functions/batch_processor.py:2: MonkeyPatchWarning: Patching more than once will result in the union of all True parameters being patched
  monkey.patch_all()
 * Running on http://0.0.0.0:5000/ (Press CTRL+C to quit)
WARNING:urllib3.connection:Certificate did not match expected hostname: cobatelur.com. Certificate: {'subject': ((('commonName', 'webmail.cobatelur.com'),),), 'subjectAltName': [('DNS', 'webmail.cobatelur.com'), ('DNS', 'cpanel.cobatelur.com'), ('DNS', 'webdisk.cobatelur.com')]}
WARNING:urllib3.connection:Certificate did not match expected hostname: cobatelur.com. Certificate: {'subject': ((('commonName', 'webmail.cobatelur.com'),),), 'subjectAltName': [('DNS', 'webmail.cobatelur.com'), ('DNS', 'cpanel.cobatelur.com'), ('DNS', 'webdisk.cobatelur.com')]}
WARNING:urllib3.connection:Certificate did not match expected hostname: cobatelur.com. Certificate: {'subject': ((('commonName', 'webmail.cobatelur.com'),),), 'subjectAltName': [('DNS', 'webmail.cobatelur.com'), ('DNS', 'cpanel.cobatelur.com'), ('DNS', 'webdisk.cobatelur.com')]}
WARNING:urllib3.connection:Certificate did not match expected hostname: mysneakercollective.com. Certificate: {'subject': ((('commonName', '*.myshopify.com'),),), 'subjectAltName': [('DNS', 'myshopify.com'), ('DNS', '*.myshopify.com')]}
WARNING:urllib3.connection:Certificate did not match expected hostname: mysneakercollective.com. Certificate: {'subject': ((('commonName', '*.myshopify.com'),),), 'subjectAltName': [('DNS', 'myshopify.com'), ('DNS', '*.myshopify.com')]}
WARNING:urllib3.connection:Certificate did not match expected hostname: mysneakercollective.com. Certificate: {'subject': ((('commonName', '*.myshopify.com'),),), 'subjectAltName': [('DNS', 'myshopify.com'), ('DNS', '*.myshopify.com')]}
https://gorowatch.com --> 1
Hyperlinks gathered.
Broken links checked.
Important links checked.
Contact us checked.
TnC checked.
http://www.macadamia-house.com/ --> 2
Hyperlinks gathered.
Broken links checked.
Important links checked.
Contact us checked.
TnC checked.
www.zervinco.com --> 3
Hyperlinks gathered.
Broken links checked.
Important links checked.
Contact us checked.
TnC checked.
www.birue.id --> 4
Hyperlinks gathered.
Broken links checked.
Important links checked.
Contact us checked.
TnC checked.
www.krisbow.com --> 5
Hyperlinks gathered.
Broken links checked.
Important links checked.
Contact us checked.
TnC checked.
https://fasebuku.com --> 6
Hyperlinks gathered.
Broken links checked.
Important links checked.
Contact us checked.
TnC checked.
www.imba.co.id --> 7
Hyperlinks gathered.
Broken links checked.
Important links checked.
Contact us checked.
TnC checked.
https://guesthouse.waroengdiggers.com --> 8
Hyperlinks gathered.
Broken links checked.
Important links checked.
Contact us checked.
TnC checked.
www.pyramidsofchi.com --> 9
Hyperlinks gathered.
Broken links checked.
Important links checked.
Contact us checked.
TnC checked.
Frameprint.archiola.com --> 10
Hyperlinks gathered.
Broken links checked.
Important links checked.
Contact us checked.
TnC checked.
https://karya-pangan.com/shop --> 11
Hyperlinks gathered.
Broken links checked.
Important links checked.
Contact us checked.
TnC checked.
titipbeliin.com --> 12
Hyperlinks gathered.
Broken links checked.
Important links checked.
Contact us checked.
TnC checked.
https://www.bukadistro.com/ --> 13
Hyperlinks gathered.
Broken links checked.
Important links checked.
Contact us checked.
TnC checked.
www.cobatelur.com --> 14
Hyperlinks gathered.
Broken links checked.
Important links checked.
Contact us checked.
TnC checked.
http://ezcleanindonesia.com --> 15
Hyperlinks gathered.
Broken links checked.
Important links checked.
Contact us checked.
TnC checked.
http://nanostixjava.com --> 16
Hyperlinks gathered.
Broken links checked.
Important links checked.
Contact us checked.
TnC checked.
https://thehelpfulstuffs.com/ --> 17
Hyperlinks gathered.
Broken links checked.
Important links checked.
Contact us checked.
TnC checked.
www.zayanaorganic.com --> 18
Hyperlinks gathered.
Broken links checked.
Important links checked.
Contact us checked.
TnC checked.
https://trolimu.com --> 19
Hyperlinks gathered.
Broken links checked.
Important links checked.
Contact us checked.
TnC checked.
www.igrossoke.com --> 20
Hyperlinks gathered.
Broken links checked.
Important links checked.
Contact us checked.
TnC checked.
https://www.berdikaribook.red/ --> 21
Hyperlinks gathered.
Broken links checked.
Important links checked.
Contact us checked.
TnC checked.
http://member.erisilvanus.com/ --> 22
Hyperlinks gathered.
Broken links checked.
Important links checked.
Contact us checked.
TnC checked.
www.sorabit.com --> 23
Hyperlinks gathered.
Broken links checked.
Important links checked.
Contact us checked.
TnC checked.
http://house-of-ende.myshopify.com --> 24
Hyperlinks gathered.
Broken links checked.
Important links checked.
Contact us checked.
TnC checked.
http://thekaiaco.com --> 25
Hyperlinks gathered.
Broken links checked.
Important links checked.
Contact us checked.
TnC checked.
manulife.com --> 26
Hyperlinks gathered.
Broken links checked.
Important links checked.
Contact us checked.
TnC checked.
https://wefloatbali.com --> 27
Hyperlinks gathered.
Broken links checked.
Important links checked.
Contact us checked.
TnC checked.
https://www.manulife.co.id --> 28
Hyperlinks gathered.
Broken links checked.
Important links checked.
Contact us checked.
TnC checked.
https://dagangbareng.com --> 29
Hyperlinks gathered.
Broken links checked.
Important links checked.
Contact us checked.
TnC checked.
http://coachcitra.goherbalife.com/id-id --> 30
Hyperlinks gathered.
Broken links checked.
Important links checked.
Contact us checked.
TnC checked.
https://anantostore.com --> 31
Hyperlinks gathered.
Broken links checked.
Important links checked.
Contact us checked.
TnC checked.
https://mysneakercollective.com/ --> 32
Hyperlinks gathered.
Broken links checked.
Important links checked.
Contact us checked.
TnC checked.
https://makassarelektro.com --> 33
Hyperlinks gathered.
Broken links checked.
Important links checked.
Contact us checked.
TnC checked.
beli.cakrawalaproteksi.com:185/home.aspx --> 34
Hyperlinks gathered.
Broken links checked.
Important links checked.
Contact us checked.
TnC checked.
http://www.itemar.net --> 35
Hyperlinks gathered.
Broken links checked.
Important links checked.
Contact us checked.
TnC checked.
https://ultradentalindomandiri.net/ --> 36
Hyperlinks gathered.
Broken links checked.
Important links checked.
Contact us checked.
TnC checked.
https://id.enklaf.com/ --> 37
Hyperlinks gathered.
Broken links checked.
Important links checked.
Contact us checked.
TnC checked.
lifetime365.com --> 38
Hyperlinks gathered.
Broken links checked.
Important links checked.
Contact us checked.
TnC checked.
www.vidio.com --> 39
Hyperlinks gathered.
Broken links checked.
Important links checked.
Contact us checked.
TnC checked.
https://poocheveryday.com --> 40
Hyperlinks gathered.
Broken links checked.
Important links checked.
Contact us checked.
TnC checked.
https://studio.malangswante.com --> 41
Hyperlinks gathered.
Broken links checked.
Important links checked.
Contact us checked.
TnC checked.
https://pustakakita.com --> 42
Hyperlinks gathered.
Broken links checked.
Important links checked.
Contact us checked.
TnC checked.
http://erp.consina.co.id:7879/ --> 43
Hyperlinks gathered.
Broken links checked.
Important links checked.
Contact us checked.
TnC checked.
www.creamfiction.com --> 44
Hyperlinks gathered.
Broken links checked.
Important links checked.
Contact us checked.
TnC checked.
http://www.soxysocky.com --> 45
Hyperlinks gathered.
Broken links checked.
Important links checked.
Contact us checked.
TnC checked.
https://www.tokosepeda.com --> 46
Hyperlinks gathered.
Broken links checked.
Important links checked.
Contact us checked.
TnC checked.
http://www.atmos-mobility.net --> 47
Hyperlinks gathered.
Broken links checked.
Important links checked.
Contact us checked.
TnC checked.
https://www.tatuis.com/ --> 48
Hyperlinks gathered.
Broken links checked.
Important links checked.
Contact us checked.
TnC checked.
https://erpandistro.com/ --> 49
Hyperlinks gathered.
Broken links checked.
Important links checked.
Contact us checked.
TnC checked.
www.duniakecantikan.com --> 50
Hyperlinks gathered.
Broken links checked.
Important links checked.
Contact us checked.
TnC checked.
https://www.baijan.co.id --> 51
Hyperlinks gathered.
Broken links checked.
Important links checked.
Contact us checked.
TnC checked.
www.bnitapcash.com --> 52
Hyperlinks gathered.
Broken links checked.
Important links checked.
Contact us checked.
TnC checked.
http://willwatch11.com --> 53
Hyperlinks gathered.
Broken links checked.
Important links checked.
Contact us checked.
TnC checked.
https://www.digital3store.com --> 54
Hyperlinks gathered.
Broken links checked.
Important links checked.
Contact us checked.
TnC checked.
http://gallery.h3ndy.com/ --> 55
Hyperlinks gathered.
Broken links checked.
Important links checked.
Contact us checked.
TnC checked.
https://ikanasin.top --> 56
Hyperlinks gathered.
Broken links checked.
Important links checked.
Contact us checked.
TnC checked.
https://a7pro.id --> 57
Hyperlinks gathered.
Broken links checked.
Important links checked.
Contact us checked.
TnC checked.
http://kenku-id.com --> 58
Hyperlinks gathered.
Broken links checked.
Important links checked.
Contact us checked.
TnC checked.
http://samuraicustoms.com --> 59
Hyperlinks gathered.
Broken links checked.
Important links checked.
Contact us checked.
TnC checked.
https://malukutrade.com --> 60
Hyperlinks gathered.
Broken links checked.
Important links checked.
Contact us checked.
TnC checked.
http://www.bandung.gausahbayar.com --> 61
Hyperlinks gathered.
Broken links checked.
Important links checked.
Contact us checked.
TnC checked.
https://www.febiola.com --> 62
Hyperlinks gathered.
Broken links checked.
Important links checked.
Contact us checked.WARNING:urllib3.connection:Certificate did not match expected hostname: www.kioskorea.com. Certificate: {'subject': ((('commonName', 'kioskorea.com'),),), 'subjectAltName': [('DNS', 'kioskorea.com')]}
WARNING:urllib3.connection:Certificate did not match expected hostname: www.kioskorea.com. Certificate: {'subject': ((('commonName', 'kioskorea.com'),),), 'subjectAltName': [('DNS', 'kioskorea.com')]}
WARNING:urllib3.connection:Certificate did not match expected hostname: www.kioskorea.com. Certificate: {'subject': ((('commonName', 'kioskorea.com'),),), 'subjectAltName': [('DNS', 'kioskorea.com')]}
Traceback (most recent call last):
  File "/usr/lib/python3.6/encodings/idna.py", line 167, in encode
    raise UnicodeError("label too long")
UnicodeError: label too long

The above exception was the direct cause of the following exception:

Traceback (most recent call last):
  File "/home/baymadin/.local/lib/python3.6/site-packages/gevent/threadpool.py", line 281, in _worker
    value = func(*args, **kwargs)
UnicodeError: encoding with 'idna' codec failed (UnicodeError: label too long)
2020-02-08T01:45:14Z (<ThreadPool at 0x7ff5d88699b0 0/2/10 hub=<Hub at 0x7ff5e8326e10 thread_ident=0x140694236874560>>, <built-in function getaddrinfo>) failed with UnicodeError

WARNING:urllib3.connection:Certificate did not match expected hostname: www.buatkueyuk.com. Certificate: {'subject': ((('commonName', '*.myshopify.com'),),), 'subjectAltName': [('DNS', 'myshopify.com'), ('DNS', '*.myshopify.com')]}
WARNING:urllib3.connection:Certificate did not match expected hostname: www.buatkueyuk.com. Certificate: {'subject': ((('commonName', '*.myshopify.com'),),), 'subjectAltName': [('DNS', 'myshopify.com'), ('DNS', '*.myshopify.com')]}
WARNING:urllib3.connection:Certificate did not match expected hostname: www.buatkueyuk.com. Certificate: {'subject': ((('commonName', '*.myshopify.com'),),), 'subjectAltName': [('DNS', 'myshopify.com'), ('DNS', '*.myshopify.com')]}

TnC checked.
http://www.kattoen.id/ --> 63
Hyperlinks gathered.
Broken links checked.
Important links checked.
Contact us checked.
TnC checked.
http://www.mediacloud.id --> 64
Hyperlinks gathered.
Broken links checked.
Important links checked.
Contact us checked.
TnC checked.
https://neomitrausaha.co.id/ --> 65
Hyperlinks gathered.
Broken links checked.
Important links checked.
Contact us checked.
TnC checked.
https://www.myarrum.com --> 66
Hyperlinks gathered.
Broken links checked.
Important links checked.
Contact us checked.
TnC checked.
https://zakkel.id --> 67
Hyperlinks gathered.
Broken links checked.
Important links checked.
Contact us checked.
TnC checked.
https://saintyork.co --> 68
Hyperlinks gathered.
Broken links checked.
Important links checked.
Contact us checked.
TnC checked.
http://www.yuliabaltschun.com/shop --> 69
Hyperlinks gathered.
Broken links checked.
Important links checked.
Contact us checked.
TnC checked.
http://www.tamankanakkanaksinarharapan.mysch.id/ --> 70
Hyperlinks gathered.
Broken links checked.
Important links checked.
Contact us checked.
TnC checked.
http://www.letsgo4biggerworldbusiness.com --> 71
Hyperlinks gathered.
Broken links checked.
Important links checked.
Contact us checked.
TnC checked.
https://tokobalita.co.id --> 72
Hyperlinks gathered.
Broken links checked.
Important links checked.
Contact us checked.
TnC checked.
https://run.ngehe.com/ --> 73
Hyperlinks gathered.
Broken links checked.
Important links checked.
Contact us checked.
TnC checked.
http://www.tokobukukarisma.com --> 74
Hyperlinks gathered.
Broken links checked.
Important links checked.
Contact us checked.
TnC checked.
https://sriwijayahost.co.id --> 75
Hyperlinks gathered.
Broken links checked.
Important links checked.
Contact us checked.
TnC checked.
http://www.e-mily.com --> 76
Hyperlinks gathered.
Broken links checked.
Important links checked.
Contact us checked.
TnC checked.
http://www.dietkopihijau.com --> 77
Hyperlinks gathered.
Broken links checked.
Important links checked.
Contact us checked.
TnC checked.
bidboo.co --> 78
Hyperlinks gathered.
Broken links checked.
Important links checked.
Contact us checked.
TnC checked.
https://sabersavings.com --> 79
Hyperlinks gathered.
Broken links checked.
Important links checked.
Contact us checked.
TnC checked.
http://www.minoroprecuts.com --> 80
Hyperlinks gathered.
Broken links checked.
Important links checked.
Contact us checked.
TnC checked.
http://doku.com --> 81
Hyperlinks gathered.
Broken links checked.
Important links checked.
Contact us checked.
TnC checked.
http://www.knalpot.id --> 82
Hyperlinks gathered.
Broken links checked.
Important links checked.
Contact us checked.
TnC checked.
https://www.kioskorea.com --> 83
Hyperlinks gathered.
Broken links checked.
Important links checked.
Contact us checked.
TnC checked.
https://www.pustakasirah.co.id/ --> 84
Hyperlinks gathered.
Broken links checked.
Important links checked.
Contact us checked.
TnC checked.
https://www.edumart.id/ --> 85
Hyperlinks gathered.
Broken links checked.
Important links checked.
Contact us checked.
TnC checked.
http://dhiyatest.com --> 86
Hyperlinks gathered.
Broken links checked.
Important links checked.
Contact us checked.
TnC checked.
http://www.siomayjawara.com --> 87
Hyperlinks gathered.
Broken links checked.
Important links checked.
Contact us checked.
TnC checked.
http://www.sealaviebeachwear.com --> 88
Hyperlinks gathered.
Broken links checked.
Important links checked.
Contact us checked.
TnC checked.
https://kraftnik.com --> 89
Hyperlinks gathered.
Broken links checked.
Important links checked.
Contact us checked.
TnC checked.
https://www.bajumuslimshop.com --> 90
Hyperlinks gathered.
Broken links checked.
Important links checked.
Contact us checked.
TnC checked.
https://bolasalju.com --> 91
Hyperlinks gathered.
Broken links checked.
Important links checked.
Contact us checked.
TnC checked.
https://www.andrologi.id --> 92
Hyperlinks gathered.
Broken links checked.
Important links checked.
Contact us checked.
TnC checked.
https://www.nufsedsticker.com --> 93
Hyperlinks gathered.
Broken links checked.
Important links checked.
Contact us checked.
TnC checked.
http://www.tokopinter.com --> 94
Hyperlinks gathered.
Broken links checked.
Important links checked.
Contact us checked.
TnC checked.
https://irvanfika.goherbalife.com --> 95
Hyperlinks gathered.
Broken links checked.
Important links checked.
Contact us checked.
TnC checked.
http://importir.org --> 96
Hyperlinks gathered.
Broken links checked.
Important links checked.
Contact us checked.
TnC checked.
https://www.planetsports.asia --> 97
Hyperlinks gathered.
Broken links checked.
Important links checked.
Contact us checked.
TnC checked.
https://wiweka.com --> 98
Hyperlinks gathered.
Broken links checked.
Important links checked.
Contact us checked.
TnC checked.
http://www.orishop.id/ --> 99
Hyperlinks gathered.
Broken links checked.
Important links checked.
Contact us checked.
TnC checked.
http://www.yatistore.com --> 100
Hyperlinks gathered.
Broken links checked.
Important links checked.
Contact us checked.
TnC checked.
https://www.sinarmegastore.com --> 101
Hyperlinks gathered.
Broken links checked.
Important links checked.
Contact us checked.
TnC checked.
http://www.thecurvakumlabel.com/ --> 102
Hyperlinks gathered.
Broken links checked.
Important links checked.
Contact us checked.
TnC checked.
https://gayamu.id --> 103
Hyperlinks gathered.
Broken links checked.
Important links checked.
Contact us checked.
TnC checked.
http://hushhobbies.co --> 104
Hyperlinks gathered.
Broken links checked.
Important links checked.
Contact us checked.
TnC checked.
https://www.storeloka.com --> 105
Hyperlinks gathered.
Broken links checked.
Important links checked.
Contact us checked.
TnC checked.
https://shop.sapicow.com --> 106
Hyperlinks gathered.
Broken links checked.
Important links checked.
Contact us checked.
TnC checked.
https://aphroditeindonesia.com --> 107
Hyperlinks gathered.
Broken links checked.
Important links checked.
Contact us checked.
TnC checked.
http://www.tenuedeattire.co --> 108
Hyperlinks gathered.
Broken links checked.
Important links checked.
Contact us checked.
TnC checked.
https://buy-saber.com/ --> 109
Hyperlinks gathered.
Broken links checked.
Important links checked.
Contact us checked.
TnC checked.
https://www.asamax.com/ --> 110
Hyperlinks gathered.
Broken links checked.
Important links checked.
Contact us checked.
TnC checked.
https://store.alkhansas.com/ --> 111
Hyperlinks gathered.
Broken links checked.
Important links checked.
Contact us checked.
TnC checked.
http://www.buatkueyuk.com --> 112
Hyperlinks gathered.
Broken links checked.
Important links checked.
Contact us checked.
TnC checked.
http://www.wahana.com --> 113
Hyperlinks gathered.
Broken links checked.
Important links checked.
Contact us checked.
TnC checked.
https://pureheals.co.id --> 114
Hyperlinks gathered.
Broken links checked.
Important links checked.
Contact us checked.
TnC checked.
https://www.soho.id/ --> 115
Hyperlinks gathered.
Broken links checked.
Important links checked.
Contact us checked.
TnC checked.
https://www.kaligrafina.com/shop/ --> 116
Hyperlinks gathered.
Broken links checked.
Important links checked.
Contact us checked.
TnC checked.
https://www.iwearzule.com/ --> 117
Hyperlinks gathered.
Broken links checked.
Important links checked.
Contact us checked.
TnC checked.
https://topay.co.id --> 118
Hyperlinks gathered.
Broken links checked.
Important links checked.
Contact us checked.
TnC checked.
https://www.unclepandastore.com --> 119
Hyperlinks gathered.
Broken links checked.
Important links checked.
Contact us checked.
TnC checked.
https://www.t-lessfashion.com --> 120
Hyperlinks gathered.
Broken links checked.
Important links checked.
Contact us checked.
TnC checked.
https://www.glowi.id --> 121
Hyperlinks gathered.
Broken links checked.
Important links checked.
Contact us checked.
TnC checked.
http://www.valettashop.com --> 122
Hyperlinks gathered.
Broken links checked.
Important links checked.
Contact us checked.
TnC checked.
https://www.denature.biz.id --> 123
Hyperlinks gathered.
Broken links checked.
Important links checked.
Contact us checked.
TnC checked.
https://sporthelmet.site/ --> 124
Hyperlinks gathered.
Broken links checked.
Important links checked.
Contact us checked.
TnC checked.
http://www.indovies.com --> 125
Hyperlinks gathered.
Broken links checked.
Important links checked.
Contact us checked.
TnC checked.
https://www.authenticsimply.com/ --> 126
Hyperlinks gathered.
Broken links checked.
Important links checked.
Contact us checked.
TnC checked.
https://decoperfect.com --> 127
Hyperlinks gathered.
Broken links checked.
Important links checked.
Contact us checked.
TnC checked.
https://cadventura.com --> 128
Hyperlinks gathered.
Broken links checked.
Important links checked.
Contact us checked.
TnC checked.
https://balifasttrackservice.com/ --> 129
Hyperlinks gathered.
Broken links checked.
Important links checked.
Contact us checked.
TnC checked.
https://nusapixel.com --> 130
Hyperlinks gathered.
Broken links checked.
Important links checked.
Contact us checked.
TnC checked.
https://bdebust-itts.000webhostapp.com/ --> 131
Hyperlinks gathered.
Broken links checked.
Important links checked.
Contact us checked.
TnC checked.
Julianroch.com --> 132
Hyperlinks gathered.
Broken links checked.
Important links checked.
Contact us checked.
TnC checked.
https://kimiwibudesukah.blogspot.com --> 133
Hyperlinks gathered.
Broken links checked.
Important links checked.
Contact us checked.
TnC checked.
https://mobile.facebook.com/profile.php?id=100022900119845&ref=content_filter --> 134
Hyperlinks gathered.
Broken links checked.
Important links checked.
Contact us checked.
TnC checked.
www.fastabikatravel.com --> 135
Hyperlinks gathered.
Broken links checked.
Important links checked.
Contact us checked.
TnC checked.
https://e-padlock.com/ --> 136
Hyperlinks gathered.
Broken links checked.
Important links checked.
Contact us checked.
TnC checked.
ekapatas.com --> 137
Hyperlinks gathered.
Broken links checked.
Important links checked.
Contact us checked.
TnC checked.
menliving.id --> 138
Hyperlinks gathered.
Broken links checked.
Important links checked.
Contact us checked.
TnC checked.
binotech.co.id --> 139
Hyperlinks gathered.
Broken links checked.
Important links checked.
Contact us checked.
TnC checked.
https://www.facebook.com/arifnureffendhi?ref=bookmarks --> 140
Hyperlinks gathered.
Broken links checked.
Important links checked.
Contact us checked.
TnC checked.
https://www.facebook.com/serarachan --> 141
Hyperlinks gathered.
Broken links checked.
Important links checked.
Contact us checked.
TnC checked.
https://alfanagrup.jstore.co/ --> 142
Hyperlinks gathered.
Broken links checked.
Important links checked.
Contact us checked.
TnC checked.
www.simplykitchen.store --> 143
Hyperlinks gathered.
Broken links checked.
Important links checked.
Contact us checked.
TnC checked.
internationalglobalnetwork.com --> 144
Hyperlinks gathered.
Broken links checked.
Important links checked.
Contact us checked.
TnC checked.
toku.my.id --> 145
Hyperlinks gathered.
Broken links checked.
Important links checked.
Contact us checked.
TnC checked.
https://oidcase.com --> 146
Hyperlinks gathered.
Broken links checked.
Important links checked.
Contact us checked.
TnC checked.
https://www.tokopedia.com/kembar211 --> 147
Hyperlinks gathered.
Broken links checked.
Important links checked.
Contact us checked.
TnC checked.
https://www.instagram.com/ardnto__ --> 148
Hyperlinks gathered.
Broken links checked.
Important links checked.
Contact us checked.
TnC checked.
www.bukausaha24.com --> 149
Hyperlinks gathered.
Broken links checked.
Important links checked.
Contact us checked.
TnC checked.
https://shop.treelint.com --> 150
Hyperlinks gathered.
Broken links checked.
Important links checked.
Contact us checked.
TnC checked.
shukshuk.com --> 151
Hyperlinks gathered.
Broken links checked.
Important links checked.
Contact us checked.
TnC checked.
shop.76rider.com --> 152
Hyperlinks gathered.
Broken links checked.
Important links checked.
Contact us checked.
TnC checked.
https://wise-woman-waits.myshopify.com/ --> 153
Hyperlinks gathered.
Broken links checked.
Important links checked.
Contact us checked.
TnC checked.
www.waterfrontestate.com --> 154
Hyperlinks gathered.
Broken links checked.
Important links checked.
Contact us checked.
TnC checked.
batikuniversal.com --> 155
Hyperlinks gathered.
Broken links checked.
Important links checked.
Contact us checked.
TnC checked.
www.xirkachipset.com --> 156
Hyperlinks gathered.
Broken links checked.
Important links checked.
Contact us checked.
TnC checked.
https://m.facebook.com/?_rdr --> 157
Hyperlinks gathered.
Broken links checked.
Important links checked.
Contact us checked.
TnC checked.
www.mermaidmelodyshop.com --> 158
Hyperlinks gathered.
Broken links checked.
Important links checked.
Contact us checked.
TnC checked.
https://instagram.com/lemintstudio?igshid=1oerjqdnkavww --> 159
Hyperlinks gathered.
Broken links checked.
Important links checked.
Contact us checked.
TnC checked.
mymusa.com --> 160
Hyperlinks gathered.
Broken links checked.
Important links checked.
Contact us checked.
TnC checked.
zuriaka.com --> 161
Hyperlinks gathered.
Broken links checked.
Important links checked.
Contact us checked.
TnC checked.
https://interiortonic.com/ --> 162
Hyperlinks gathered.
Broken links checked.
Important links checked.
Contact us checked.
TnC checked.
https://balitransportcommunity.com --> 163
Hyperlinks gathered.
Broken links checked.
Important links checked.
Contact us checked.
TnC checked.
https://m.facebook.com/ahmadseas?ref=bookmarks --> 164
Hyperlinks gathered.
Broken links checked.
Important links checked.
Contact us checked.
TnC checked.
www.marutiflorist.com --> 165
Hyperlinks gathered.
Broken links checked.
Important links checked.
Contact us checked.
TnC checked.
http://winit.co.id --> 166
Hyperlinks gathered.
Broken links checked.
Important links checked.
Contact us checked.
TnC checked.
https://sewaps4.com/ --> 167
Hyperlinks gathered.
Broken links checked.
Important links checked.
Contact us checked.
TnC checked.
https://tradeshipper.cloudaccess.host/ --> 168
Hyperlinks gathered.
Broken links checked.
Important links checked.
Contact us checked.
TnC checked.
https://progrez.cloud --> 169
Hyperlinks gathered.
Broken links checked.
Important links checked.
Contact us checked.
TnC checked.
https://www.facebook.com/jonatan.dwiki --> 170
Hyperlinks gathered.
Broken links checked.
Important links checked.
Contact us checked.
TnC checked.
pt-rasisme.com --> 171
Hyperlinks gathered.
Broken links checked.
Important links checked.
Contact us checked.
TnC checked.
beau.plus --> 172
Hyperlinks gathered.
Broken links checked.
Important links checked.
Contact us checked.
TnC checked.
Http://saharabelco.com --> 173
Hyperlinks gathered.
Broken links checked.
Important links checked.
Contact us checked.
TnC checked.
Rama(Kurniaramadhan)@Facebook.com --> 174
Hyperlinks gathered.
Broken links checked.
Important links checked.
Contact us checked.
TnC checked.
dachar-food-stop.business.site --> 175
Hyperlinks gathered.
Broken links checked.
Important links checked.
Contact us checked.
TnC checked.
https://www.blackpearlbali.com/ --> 176
Hyperlinks gathered.
Broken links checked.
Important links checked.
Contact us checked.
TnC checked.
www.myhandicraftshop.com --> 177
Hyperlinks gathered.
Broken links checked.
Important links checked.
Contact us checked.
TnC checked.
https://pusatsparepartlaptopmurah.wordpress.com/ --> 178
Hyperlinks gathered.
Broken links checked.
Important links checked.
Contact us checked.
TnC checked.
sdit.alizzah.id --> 179
Hyperlinks gathered.
Broken links checked.
Important links checked.
Contact us checked.
TnC checked.
info@linkaja.id --> 180
Hyperlinks gathered.
Broken links checked.
Important links checked.
Contact us checked.
TnC checked.
http://www.tokoprimuz.com --> 181
Hyperlinks gathered.
Broken links checked.
Important links checked.
Contact us checked.
TnC checked.
https://instagram.com/nardifarm?igshid=1uzikxeqx1f8o --> 182
Hyperlinks gathered.
Broken links checked.
Important links checked.
Contact us checked.
TnC checked.
https://centertrx.com --> 183
Hyperlinks gathered.
Broken links checked.
Important links checked.
Contact us checked.180.245.58.147 - - [08/Feb/2020 02:11:03] "[37mGET /api/v1/crawler-batch?url=datasets/merchants_cleaned.csv&start=231&end=457&name=results_all_2 HTTP/1.1[0m" 200 -
INFO:werkzeug:180.245.58.147 - - [08/Feb/2020 02:11:03] "[37mGET /api/v1/crawler-batch?url=datasets/merchants_cleaned.csv&start=231&end=457&name=results_all_2 HTTP/1.1[0m" 200 -
